app/build/intermediates/manifest_merge_blame_file/debug/manifest-merger-blame-debug-report.txt
1<?xml version="1.0" encoding="utf-8"?>
2<manifest xmlns:android="http://schemas.android.com/apk/res/android"
3    package="com.my.newproject11"
4    android:versionCode="1"
5    android:versionName="1.0" >
6
7    <uses-sdk
8        android:minSdkVersion="24"
9        android:targetSdkVersion="34" />
10
11    <uses-feature
11-->src\main\AndroidManifest.xml:6:2-8:30
12        android:name="android.hardware.camera"
12-->src\main\AndroidManifest.xml:7:3-41
13        android:required="false" />
13-->src\main\AndroidManifest.xml:8:3-27
14
15    <uses-permission android:name="android.permission.CAMERA" />
15-->src\main\AndroidManifest.xml:10:2-61
15-->src\main\AndroidManifest.xml:10:19-59
16    <uses-permission android:name="android.permission.READ_EXTERNAL_STORAGE" />
16-->src\main\AndroidManifest.xml:11:2-76
16-->src\main\AndroidManifest.xml:11:19-74
17    <uses-permission android:name="android.permission.WRITE_EXTERNAL_STORAGE" />
17-->src\main\AndroidManifest.xml:12:2-77
17-->src\main\AndroidManifest.xml:12:19-75
18    <uses-permission android:name="android.permission.MANAGE_EXTERNAL_STORAGE" />
18-->src\main\AndroidManifest.xml:13:2-78
18-->src\main\AndroidManifest.xml:13:19-76
19
20    <queries>
20-->[androidx.camera:camera-extensions:1.4.0-alpha03] AndroidManifest.xml:22:5-26:15
21        <intent>
21-->[androidx.camera:camera-extensions:1.4.0-alpha03] AndroidManifest.xml:23:9-25:18
22            <action android:name="androidx.camera.extensions.action.VENDOR_ACTION" />
22-->[androidx.camera:camera-extensions:1.4.0-alpha03] AndroidManifest.xml:24:13-86
22-->[androidx.camera:camera-extensions:1.4.0-alpha03] AndroidManifest.xml:24:21-83
23        </intent>
24    </queries>
25
26    <permission
26-->[androidx.core:core:1.9.0] AndroidManifest.xml:22:5-24:47
27        android:name="com.my.newproject11.DYNAMIC_RECEIVER_NOT_EXPORTED_PERMISSION"
27-->[androidx.core:core:1.9.0] AndroidManifest.xml:23:9-81
28        android:protectionLevel="signature" />
28-->[androidx.core:core:1.9.0] AndroidManifest.xml:24:9-44
29
30    <uses-permission android:name="com.my.newproject11.DYNAMIC_RECEIVER_NOT_EXPORTED_PERMISSION" />
30-->[androidx.core:core:1.9.0] AndroidManifest.xml:26:5-97
30-->[androidx.core:core:1.9.0] AndroidManifest.xml:26:22-94
31
32    <application
32-->src\main\AndroidManifest.xml:14:2-60:16
33        android:allowBackup="true"
33-->src\main\AndroidManifest.xml:15:3-29
34        android:appComponentFactory="androidx.core.app.CoreComponentFactory"
34-->[androidx.core:core:1.9.0] AndroidManifest.xml:28:18-86
35        android:debuggable="true"
36        android:extractNativeLibs="false"
37        android:icon="@mipmap/ic_launcher"
37-->src\main\AndroidManifest.xml:17:3-37
38        android:label="MultiCamera Lens"
38-->src\main\AndroidManifest.xml:16:3-35
39        android:largeHeap="true"
39-->src\main\AndroidManifest.xml:19:3-27
40        android:roundIcon="@mipmap/ic_launcher_round"
40-->src\main\AndroidManifest.xml:18:3-48
41        android:testOnly="true"
42        android:theme="@style/AppTheme"
42-->src\main\AndroidManifest.xml:21:3-34
43        android:usesCleartextTraffic="true" >
43-->src\main\AndroidManifest.xml:20:3-38
44        <activity
44-->src\main\AndroidManifest.xml:22:3-33:14
45            android:name="com.my.newproject11.MainActivity"
45-->src\main\AndroidManifest.xml:23:4-51
46            android:configChanges="orientation|screenSize|keyboardHidden|smallestScreenSize|screenLayout"
46-->src\main\AndroidManifest.xml:24:4-97
47            android:exported="true"
47-->src\main\AndroidManifest.xml:25:4-27
48            android:hardwareAccelerated="true"
48-->src\main\AndroidManifest.xml:26:4-38
49            android:screenOrientation="portrait"
49-->src\main\AndroidManifest.xml:28:4-40
50            android:supportsPictureInPicture="true" >
50-->src\main\AndroidManifest.xml:27:4-43
51            <intent-filter>
51-->src\main\AndroidManifest.xml:29:4-32:20
52                <action android:name="android.intent.action.MAIN" />
52-->src\main\AndroidManifest.xml:30:5-56
52-->src\main\AndroidManifest.xml:30:13-54
53
54                <category android:name="android.intent.category.LAUNCHER" />
54-->src\main\AndroidManifest.xml:31:5-64
54-->src\main\AndroidManifest.xml:31:15-62
55            </intent-filter>
56        </activity>
57        <activity
57-->src\main\AndroidManifest.xml:34:3-39:42
58            android:name="com.my.newproject11.ImagesActivity"
58-->src\main\AndroidManifest.xml:35:4-53
59            android:configChanges="orientation|screenSize|keyboardHidden|smallestScreenSize|screenLayout"
59-->src\main\AndroidManifest.xml:36:4-97
60            android:hardwareAccelerated="true"
60-->src\main\AndroidManifest.xml:37:4-38
61            android:screenOrientation="portrait"
61-->src\main\AndroidManifest.xml:39:4-40
62            android:supportsPictureInPicture="true" />
62-->src\main\AndroidManifest.xml:38:4-43
63        <activity
63-->src\main\AndroidManifest.xml:40:3-45:42
64            android:name="com.my.newproject11.ViewActivity"
64-->src\main\AndroidManifest.xml:41:4-51
65            android:configChanges="orientation|screenSize|keyboardHidden|smallestScreenSize|screenLayout"
65-->src\main\AndroidManifest.xml:42:4-97
66            android:hardwareAccelerated="true"
66-->src\main\AndroidManifest.xml:43:4-38
67            android:screenOrientation="portrait"
67-->src\main\AndroidManifest.xml:45:4-40
68            android:supportsPictureInPicture="true" />
68-->src\main\AndroidManifest.xml:44:4-43
69
70        <provider
70-->src\main\AndroidManifest.xml:46:3-54:14
71            android:name="androidx.core.content.FileProvider"
71-->src\main\AndroidManifest.xml:48:4-53
72            android:authorities="com.my.newproject11.provider"
72-->src\main\AndroidManifest.xml:47:4-54
73            android:exported="false"
73-->src\main\AndroidManifest.xml:49:4-28
74            android:grantUriPermissions="true" >
74-->src\main\AndroidManifest.xml:50:4-38
75            <meta-data
75-->src\main\AndroidManifest.xml:51:4-53:45
76                android:name="android.support.FILE_PROVIDER_PATHS"
76-->src\main\AndroidManifest.xml:52:5-55
77                android:resource="@xml/provider_paths" />
77-->src\main\AndroidManifest.xml:53:5-43
78        </provider>
79
80        <uses-library
80-->src\main\AndroidManifest.xml:57:3-59:30
81            android:name="org.apache.http.legacy"
81-->src\main\AndroidManifest.xml:58:4-41
82            android:required="false" />
82-->src\main\AndroidManifest.xml:59:4-28
83        <uses-library
83-->[androidx.camera:camera-extensions:1.4.0-alpha03] AndroidManifest.xml:29:9-31:40
84            android:name="androidx.camera.extensions.impl"
84-->[androidx.camera:camera-extensions:1.4.0-alpha03] AndroidManifest.xml:30:13-59
85            android:required="false" />
85-->[androidx.camera:camera-extensions:1.4.0-alpha03] AndroidManifest.xml:31:13-37
86        <!--
87        Service for holding metadata. Cannot be instantiated.
88        Metadata will be merged from other manifests.
89        -->
90        <service
90-->[androidx.camera:camera-core:1.4.0-alpha03] AndroidManifest.xml:29:9-33:78
91            android:name="androidx.camera.core.impl.MetadataHolderService"
91-->[androidx.camera:camera-core:1.4.0-alpha03] AndroidManifest.xml:30:13-75
92            android:enabled="false"
92-->[androidx.camera:camera-core:1.4.0-alpha03] AndroidManifest.xml:31:13-36
93            android:exported="false" >
93-->[androidx.camera:camera-core:1.4.0-alpha03] AndroidManifest.xml:32:13-37
94            <meta-data
94-->[androidx.camera:camera-camera2:1.4.0-alpha03] AndroidManifest.xml:30:13-32:89
95                android:name="androidx.camera.core.impl.MetadataHolderService.DEFAULT_CONFIG_PROVIDER"
95-->[androidx.camera:camera-camera2:1.4.0-alpha03] AndroidManifest.xml:31:17-103
96                android:value="androidx.camera.camera2.Camera2Config$DefaultProvider" />
96-->[androidx.camera:camera-camera2:1.4.0-alpha03] AndroidManifest.xml:32:17-86
97        </service>
98
99        <provider
99-->[androidx.emoji2:emoji2:1.2.0] AndroidManifest.xml:24:9-32:20
100            android:name="androidx.startup.InitializationProvider"
100-->[androidx.emoji2:emoji2:1.2.0] AndroidManifest.xml:25:13-67
101            android:authorities="com.my.newproject11.androidx-startup"
101-->[androidx.emoji2:emoji2:1.2.0] AndroidManifest.xml:26:13-68
102            android:exported="false" >
102-->[androidx.emoji2:emoji2:1.2.0] AndroidManifest.xml:27:13-37
103            <meta-data
103-->[androidx.emoji2:emoji2:1.2.0] AndroidManifest.xml:29:13-31:52
104                android:name="androidx.emoji2.text.EmojiCompatInitializer"
104-->[androidx.emoji2:emoji2:1.2.0] AndroidManifest.xml:30:17-75
105                android:value="androidx.startup" />
105-->[androidx.emoji2:emoji2:1.2.0] AndroidManifest.xml:31:17-49
106            <meta-data
106-->[androidx.lifecycle:lifecycle-process:2.6.1] AndroidManifest.xml:29:13-31:52
107                android:name="androidx.lifecycle.ProcessLifecycleInitializer"
107-->[androidx.lifecycle:lifecycle-process:2.6.1] AndroidManifest.xml:30:17-78
108                android:value="androidx.startup" />
108-->[androidx.lifecycle:lifecycle-process:2.6.1] AndroidManifest.xml:31:17-49
109            <meta-data
109-->[androidx.profileinstaller:profileinstaller:1.3.0] AndroidManifest.xml:29:13-31:52
110                android:name="androidx.profileinstaller.ProfileInstallerInitializer"
110-->[androidx.profileinstaller:profileinstaller:1.3.0] AndroidManifest.xml:30:17-85
111                android:value="androidx.startup" />
111-->[androidx.profileinstaller:profileinstaller:1.3.0] AndroidManifest.xml:31:17-49
112        </provider>
113
114        <uses-library
114-->[androidx.window:window:1.0.0] AndroidManifest.xml:25:9-27:40
115            android:name="androidx.window.extensions"
115-->[androidx.window:window:1.0.0] AndroidManifest.xml:26:13-54
116            android:required="false" />
116-->[androidx.window:window:1.0.0] AndroidManifest.xml:27:13-37
117        <uses-library
117-->[androidx.window:window:1.0.0] AndroidManifest.xml:28:9-30:40
118            android:name="androidx.window.sidecar"
118-->[androidx.window:window:1.0.0] AndroidManifest.xml:29:13-51
119            android:required="false" />
119-->[androidx.window:window:1.0.0] AndroidManifest.xml:30:13-37
120
121        <receiver
121-->[androidx.profileinstaller:profileinstaller:1.3.0] AndroidManifest.xml:34:9-52:20
122            android:name="androidx.profileinstaller.ProfileInstallReceiver"
122-->[androidx.profileinstaller:profileinstaller:1.3.0] AndroidManifest.xml:35:13-76
123            android:directBootAware="false"
123-->[androidx.profileinstaller:profileinstaller:1.3.0] AndroidManifest.xml:36:13-44
124            android:enabled="true"
124-->[androidx.profileinstaller:profileinstaller:1.3.0] AndroidManifest.xml:37:13-35
125            android:exported="true"
125-->[androidx.profileinstaller:profileinstaller:1.3.0] AndroidManifest.xml:38:13-36
126            android:permission="android.permission.DUMP" >
126-->[androidx.profileinstaller:profileinstaller:1.3.0] AndroidManifest.xml:39:13-57
127            <intent-filter>
127-->[androidx.profileinstaller:profileinstaller:1.3.0] AndroidManifest.xml:40:13-42:29
128                <action android:name="androidx.profileinstaller.action.INSTALL_PROFILE" />
128-->[androidx.profileinstaller:profileinstaller:1.3.0] AndroidManifest.xml:41:17-91
128-->[androidx.profileinstaller:profileinstaller:1.3.0] AndroidManifest.xml:41:25-88
129            </intent-filter>
130            <intent-filter>
130-->[androidx.profileinstaller:profileinstaller:1.3.0] AndroidManifest.xml:43:13-45:29
131                <action android:name="androidx.profileinstaller.action.SKIP_FILE" />
131-->[androidx.profileinstaller:profileinstaller:1.3.0] AndroidManifest.xml:44:17-85
131-->[androidx.profileinstaller:profileinstaller:1.3.0] AndroidManifest.xml:44:25-82
132            </intent-filter>
133            <intent-filter>
133-->[androidx.profileinstaller:profileinstaller:1.3.0] AndroidManifest.xml:46:13-48:29
134                <action android:name="androidx.profileinstaller.action.SAVE_PROFILE" />
134-->[androidx.profileinstaller:profileinstaller:1.3.0] AndroidManifest.xml:47:17-88
134-->[androidx.profileinstaller:profileinstaller:1.3.0] AndroidManifest.xml:47:25-85
135            </intent-filter>
136            <intent-filter>
136-->[androidx.profileinstaller:profileinstaller:1.3.0] AndroidManifest.xml:49:13-51:29
137                <action android:name="androidx.profileinstaller.action.BENCHMARK_OPERATION" />
137-->[androidx.profileinstaller:profileinstaller:1.3.0] AndroidManifest.xml:50:17-95
137-->[androidx.profileinstaller:profileinstaller:1.3.0] AndroidManifest.xml:50:25-92
138            </intent-filter>
139        </receiver>
140    </application>
141
142</manifest>